2020-01-27T10:13:09.570Z - normal: Load ~/.CocosCreator/settings.json
2020-01-27T10:13:09.647Z - normal: Initializing Asset Database
2020-01-27T10:13:09.659Z - normal: checking language setting...
2020-01-27T10:13:09.659Z - normal: Language: zh
2020-01-27T10:13:10.589Z - success: preview server running at http://localhost:7456
2020-01-27T10:13:10.595Z - success: protocol editor-framework registered
2020-01-27T10:13:10.595Z - success: protocol app registered
2020-01-27T10:13:10.595Z - success: protocol theme registered
2020-01-27T10:13:10.595Z - success: protocol packages registered
2020-01-27T10:13:10.595Z - success: protocol uuid registerred
2020-01-27T10:13:10.595Z - success: protocol db registerred
2020-01-27T10:13:10.595Z - success: protocol thumbnail registerred
2020-01-27T10:13:10.595Z - success: protocol unpack registerred
2020-01-27T10:13:10.595Z - success: protocol disable-commonjs registerred
2020-01-27T10:13:10.714Z - normal: connected!
2020-01-27T10:13:10.715Z - normal: Check project E:\2020_projects\start_project
2020-01-27T10:13:10.719Z - normal: Initializing project E:\2020_projects\start_project
2020-01-27T10:13:10.794Z - success: adapters loaded
2020-01-27T10:13:10.812Z - success: asset-db-debugger loaded
2020-01-27T10:13:10.930Z - success: fb-audience-network loaded
2020-01-27T10:13:11.001Z - success: fb-live-stream loaded
2020-01-27T10:13:11.028Z - success: google-play-instant loaded
2020-01-27T10:13:11.067Z - success: huawei-runtime loaded
2020-01-27T10:13:11.073Z - success: jkw-adapter loaded
2020-01-27T10:13:11.080Z - success: jsb-adapter loaded
2020-01-27T10:13:11.118Z - success: oppo-runtime loaded
2020-01-27T10:13:11.136Z - success: package-manager loaded
2020-01-27T10:13:11.143Z - success: qtt-adapter loaded
2020-01-27T10:13:11.165Z - success: runtime-dev-tools loaded
2020-01-27T10:13:11.190Z - success: sdkbox loaded
2020-01-27T10:13:11.205Z - success: ui-kit-preview-extra loaded
2020-01-27T10:13:11.220Z - success: ui-kit-preview loaded
2020-01-27T10:13:11.272Z - success: vivo-runtime loaded
2020-01-27T10:13:11.275Z - success: alipay-minigame loaded
2020-01-27T10:13:11.335Z - success: assets loaded
2020-01-27T10:13:11.339Z - success: baidugame-opendata loaded
2020-01-27T10:13:11.343Z - success: baidugame loaded
2020-01-27T10:13:11.347Z - success: builder loaded
2020-01-27T10:13:11.556Z - success: cocos-services loaded
2020-01-27T10:13:11.561Z - success: console loaded
2020-01-27T10:13:11.575Z - success: fb-instant-games loaded
2020-01-27T10:13:11.578Z - success: game-window loaded
2020-01-27T10:13:11.580Z - success: google-instant-games loaded
2020-01-27T10:13:11.585Z - success: hierarchy loaded
2020-01-27T10:13:11.588Z - success: inspector loaded
2020-01-27T10:13:12.281Z - success: cpk-publish loaded
2020-01-27T10:13:12.287Z - success: keystore loaded
2020-01-27T10:13:12.310Z - success: node-library loaded
2020-01-27T10:13:12.312Z - success: open-recent-items loaded
2020-01-27T10:13:12.314Z - success: package-asset loaded
2020-01-27T10:13:12.316Z - success: preferences loaded
2020-01-27T10:13:12.318Z - success: project-exporter loaded
2020-01-27T10:13:12.320Z - success: project-importer loaded
2020-01-27T10:13:12.322Z - success: project-settings loaded
2020-01-27T10:13:12.339Z - success: qtt-runtime loaded
2020-01-27T10:13:12.342Z - success: scene loaded
2020-01-27T10:13:12.344Z - success: simulator-debugger loaded
2020-01-27T10:13:12.345Z - success: sprite-editor loaded
2020-01-27T10:13:12.348Z - success: store loaded
2020-01-27T10:13:12.352Z - success: timeline loaded
2020-01-27T10:13:12.370Z - success: wechatgame-opendata loaded
2020-01-27T10:13:12.375Z - success: wechatgame loaded
2020-01-27T10:13:12.380Z - success: xiaomi-runtime loaded
2020-01-27T10:13:13.233Z - info: Cocos Service load base data!
2020-01-27T10:13:13.446Z - normal: Initializing Cocos2d
2020-01-27T10:13:16.414Z - normal: Initializing engine extends
2020-01-27T10:13:18.143Z - normal: Loading packages
2020-01-27T10:13:18.154Z - normal: Watching packages
2020-01-27T10:13:19.575Z - normal: Run Application
